[16:40:21] [ServerMain/INFO]: [bootstrap] Running Java 26 (Java HotSpot(TM) 64-Bit Server VM 26+35-2893; Oracle Corporation null) on Windows 10 10.0 (amd64)
[16:40:21] [ServerMain/INFO]: [bootstrap] Loading Paper 1.21.11-127-main@bd74bf6 (2026-03-10T02:55:23Z) for Minecraft 1.21.11
[16:40:22] [ServerMain/INFO]: [PluginInitializerManager] Initializing plugins...
[16:40:22] [Paper Plugin Remapper Thread - 2/INFO]: [PluginRemapper] Remapping plugin 'plugins\ClearLagTimer 2025.12.jar'...
[16:40:22] [Paper Plugin Remapper Thread - 3/INFO]: [PluginRemapper] Remapping plugin 'plugins\Lumberjacked-1.0-SNAPSHOT.jar'...
[16:40:22] [Paper Plugin Remapper Thread - 1/INFO]: [PluginRemapper] Remapping plugin 'plugins\SilkSpawners_v2.jar'...
[16:40:22] [Paper Plugin Remapper Thread - 0/INFO]: [PluginRemapper] Remapping plugin 'plugins\Vault.jar'...
[16:40:23] [Paper Plugin Remapper Thread - 3/INFO]: [PluginRemapper] Done remapping plugin 'plugins\Lumberjacked-1.0-SNAPSHOT.jar' in 439ms.
[16:40:23] [Paper Plugin Remapper Thread - 3/INFO]: [PluginRemapper] Remapping plugin 'plugins\worldguard-bukkit-7.0.16-beta-01.jar'...
[16:40:23] [Paper Plugin Remapper Thread - 1/INFO]: [PluginRemapper] Done remapping plugin 'plugins\SilkSpawners_v2.jar' in 335ms.
[16:40:23] [Paper Plugin Remapper Thread - 0/INFO]: [PluginRemapper] Done remapping plugin 'plugins\Vault.jar' in 403ms.
[16:40:23] [Paper Plugin Remapper Thread - 2/INFO]: [PluginRemapper] Done remapping plugin 'plugins\ClearLagTimer 2025.12.jar' in 684ms.
[16:40:23] [Paper Plugin Remapper Thread - 3/INFO]: [PluginRemapper] Done remapping plugin 'plugins\worldguard-bukkit-7.0.16-beta-01.jar' in 343ms.
[16:40:23] [ServerMain/INFO]: [PluginInitializerManager] Initialized 10 plugins
[16:40:23] [ServerMain/INFO]: [PluginInitializerManager] Bukkit plugins (10):
 - ClearLagTimer (2025.12), Essentials (2.21.2), LuckPerms (5.5.0), Lumberjacked (1.0-SNAPSHOT), SilkSpawners_v2 (2.3.2), Vault (1.7.3-b131), ViaBackwards (5.7.2), ViaVersion (5.7.3-SNAPSHOT), WorldEdit (7.4.1+76eaf25bd), WorldGuard (7.0.16-beta-01+ce4622f)
[16:40:28] [ServerMain/INFO]: Environment: Environment[sessionHost=https://sessionserver.mojang.com, servicesHost=https://api.minecraftservices.com, profilesHost=https://api.mojang.com, name=PROD]
[16:40:29] [ServerMain/INFO]: Loaded 1470 recipes
[16:40:29] [ServerMain/INFO]: Loaded 1584 advancements
[16:40:29] [ServerMain/INFO]: [ca.spottedleaf.dataconverter.minecraft.datatypes.MCTypeRegistry] Initialising converters for DataConverter...
[16:40:30] [ServerMain/INFO]: [ca.spottedleaf.dataconverter.minecraft.datatypes.MCTypeRegistry] Finished initialising converters for DataConverter in 296,9ms
[16:40:30] [Server thread/INFO]: Starting minecraft server version 1.21.11
[16:40:30] [Server thread/INFO]: Loading properties
[16:40:30] [Server thread/INFO]: This server is running Paper version 1.21.11-127-main@bd74bf6 (2026-03-10T02:55:23Z) (Implementing API version 1.21.11-R0.1-SNAPSHOT)
[16:40:30] [Server thread/INFO]: [spark] This server bundles the spark profiler. For more information please visit https://docs.papermc.io/paper/profiling
[16:40:30] [Server thread/INFO]: Server Ping Player Sample Count: 12
[16:40:30] [Server thread/INFO]: Using 4 threads for Netty based IO
[16:40:31] [Server thread/INFO]: [MoonriseCommon] Paper is using 3 worker threads, 1 I/O threads
[16:40:31] [Server thread/INFO]: Default game type: SURVIVAL
[16:40:31] [Server thread/INFO]: Generating keypair
[16:40:31] [Server thread/INFO]: Starting Minecraft server on *:25565
[16:40:31] [Server thread/INFO]: Paper: Using Java compression from Velocity.
[16:40:31] [Server thread/INFO]: Paper: Using Java cipher from Velocity.
[16:40:32] [Server thread/INFO]: [ViaVersion] Loading server plugin ViaVersion v5.7.3-SNAPSHOT
[16:40:32] [Server thread/INFO]: [ViaVersion] ViaVersion 5.7.3-SNAPSHOT is now loaded. Registering protocol transformers and injecting...
[16:40:32] [Via-Mappingloader-1/INFO]: [ViaVersion] Loading block connection mappings ...
[16:40:32] [Via-Mappingloader-1/INFO]: [ViaVersion] Using FastUtil Long2ObjectOpenHashMap for block connections
[16:40:33] [Server thread/INFO]: [ViaBackwards] Loading translations...
[16:40:33] [Server thread/INFO]: [ViaBackwards] Registering protocols...
[16:40:33] [Server thread/INFO]: [LuckPerms] Loading server plugin LuckPerms v5.5.0
[16:40:33] [Server thread/INFO]: [Vault] Loading server plugin Vault v1.7.3-b131
[16:40:33] [Server thread/INFO]: [WorldEdit] Loading server plugin WorldEdit v7.4.1+76eaf25bd
[16:40:34] [Server thread/INFO]: Got request to register class com.sk89q.worldedit.bukkit.BukkitServerInterface with WorldEdit [com.sk89q.worldedit.extension.platform.PlatformManager@150c5f98]
[16:40:34] [Server thread/INFO]: [WorldGuard] Loading server plugin WorldGuard v7.0.16-beta-01+ce4622f
[16:40:34] [Server thread/INFO]: [ViaBackwards] Loading server plugin ViaBackwards v5.7.2
[16:40:34] [Server thread/INFO]: [SilkSpawners_v2] Loading server plugin SilkSpawners_v2 v2.3.2
[16:40:34] [Server thread/INFO]: [Lumberjacked] Loading server plugin Lumberjacked v1.0-SNAPSHOT
[16:40:34] [Server thread/INFO]: [Essentials] Loading server plugin Essentials v2.21.2
[16:40:34] [Server thread/INFO]: [ClearLagTimer] Loading server plugin ClearLagTimer v2025.12
[16:40:34] [Server thread/INFO]: Server permissions file permissions.yml is empty, ignoring it
[16:40:34] [Server thread/INFO]: [LuckPerms] Enabling LuckPerms v5.5.0
[16:40:34] [Server thread/INFO]:         __    
[16:40:34] [Server thread/INFO]:   |    |__)   LuckPerms v5.5.0
[16:40:34] [Server thread/INFO]:   |___ |      Running on Bukkit - Paper
[16:40:34] [Server thread/INFO]: 
[16:40:34] [Server thread/INFO]: [LuckPerms] Loading configuration...
[16:40:34] [Server thread/INFO]: [LuckPerms] Loading storage provider... [H2]
[16:40:35] [Server thread/INFO]: [LuckPerms] Loading internal permission managers...
[16:40:35] [Server thread/INFO]: [LuckPerms] Performing initial data load...
[16:40:35] [Server thread/INFO]: [LuckPerms] Successfully enabled. (took 1049ms)
[16:40:35] [Server thread/INFO]: [Vault] Enabling Vault v1.7.3-b131
[16:40:35] [Server thread/INFO]: [Vault] [Economy] Essentials Economy found: Waiting
[16:40:35] [Server thread/INFO]: [Vault] [Permission] SuperPermissions loaded as backup permission system.
[16:40:35] [Server thread/INFO]: [Vault] Enabled Version 1.7.3-b131
[16:40:35] [Server thread/INFO]: [LuckPerms] Registered Vault permission & chat hook.
[16:40:35] [Server thread/INFO]: [WorldEdit] Enabling WorldEdit v7.4.1+76eaf25bd
[16:40:35] [Server thread/INFO]: Registering commands with com.sk89q.worldedit.bukkit.BukkitServerInterface
[16:40:35] [Server thread/INFO]: WEPIF: Updated config file
[16:40:35] [Server thread/INFO]: WEPIF: Vault detected! Using Vault for permissions
[16:40:36] [Server thread/INFO]: Using com.sk89q.worldedit.bukkit.adapter.impl.v1_21_11.PaperweightAdapter as the Bukkit adapter
[16:40:36] [Server thread/WARN]: **** SERVER IS RUNNING IN OFFLINE/INSECURE MODE!
[16:40:36] [Server thread/WARN]: The server will make no attempt to authenticate usernames. Beware.
[16:40:36] [Server thread/WARN]: While this makes the game possible to play without internet access, it also opens up the ability for hackers to connect with any username they choose.
[16:40:36] [Server thread/WARN]: To change this, set "online-mode" to "true" in the server.properties file.
[16:40:36] [Server thread/INFO]: Preparing level "world"
[16:40:36] [Server thread/INFO]: Loading 0 persistent chunks for world 'minecraft:overworld'...
[16:40:36] [Server thread/INFO]: Preparing spawn area: 100%
[16:40:36] [Server thread/INFO]: Prepared spawn area in 2 ms
[16:40:36] [Server thread/INFO]: Loading 0 persistent chunks for world 'minecraft:the_nether'...
[16:40:36] [Server thread/INFO]: Prepared spawn area in 1 ms
[16:40:36] [Server thread/INFO]: Loading 0 persistent chunks for world 'minecraft:the_end'...
[16:40:36] [Server thread/INFO]: Preparing spawn area: 100%
[16:40:36] [Server thread/INFO]: Prepared spawn area in 2 ms
[16:40:36] [Server thread/INFO]: Done preparing level "world" (0.714s)
[16:40:36] [Server thread/INFO]: [ViaVersion] Enabling ViaVersion v5.7.3-SNAPSHOT
[16:40:36] [Server thread/INFO]: [ViaVersion] ViaVersion detected server version: 1.21.11 (774)
[16:40:36] [Server thread/INFO]: [WorldGuard] Enabling WorldGuard v7.0.16-beta-01+ce4622f
[16:40:37] [Server thread/INFO]: [WorldGuard] (world) TNT ignition is PERMITTED.
[16:40:37] [Server thread/INFO]: [WorldGuard] (world) Lighters are PERMITTED.
[16:40:37] [Server thread/INFO]: [WorldGuard] (world) Lava fire is PERMITTED.
[16:40:37] [Server thread/INFO]: [WorldGuard] (world) Fire spread is UNRESTRICTED.
[16:40:37] [Server thread/INFO]: [WorldGuard] Loaded configuration for world 'world'
[16:40:37] [Server thread/INFO]: [WorldGuard] (world_nether) TNT ignition is PERMITTED.
[16:40:37] [Server thread/INFO]: [WorldGuard] (world_nether) Lighters are PERMITTED.
[16:40:37] [Server thread/INFO]: [WorldGuard] (world_nether) Lava fire is PERMITTED.
[16:40:37] [Server thread/INFO]: [WorldGuard] (world_nether) Fire spread is UNRESTRICTED.
[16:40:37] [Server thread/INFO]: [WorldGuard] Loaded configuration for world 'world_nether'
[16:40:37] [Server thread/INFO]: [WorldGuard] (world_the_end) TNT ignition is PERMITTED.
[16:40:37] [Server thread/INFO]: [WorldGuard] (world_the_end) Lighters are PERMITTED.
[16:40:37] [Server thread/INFO]: [WorldGuard] (world_the_end) Lava fire is PERMITTED.
[16:40:37] [Server thread/INFO]: [WorldGuard] (world_the_end) Fire spread is UNRESTRICTED.
[16:40:37] [Server thread/INFO]: [WorldGuard] Loaded configuration for world 'world_the_end'
[16:40:37] [Server thread/INFO]: [WorldGuard] Loading region data...
[16:40:37] [Server thread/INFO]: [ViaBackwards] Enabling ViaBackwards v5.7.2
[16:40:37] [Server thread/INFO]: [SilkSpawners_v2] Enabling SilkSpawners_v2 v2.3.2
[16:40:37] [Server thread/INFO]: [SilkSpawners] Loading configuration...
[16:40:37] [Server thread/INFO]: [SilkSpawners] Configuration is up to date
[16:40:37] [Server thread/INFO]: [SilkSpawners] [INFO]: Starting SilkSpawners v2.3.2
[16:40:37] [Thread-12/INFO]: [SilkSpawners] [INFO]: Checking for updates
[16:40:37] [Server thread/INFO]: [SilkSpawners] [INFO]: Loading server platform
[16:40:37] [Server thread/INFO]: [SilkSpawners] [INFO]: Initialized plugin for bukkit server
[16:40:37] [Server thread/INFO]: [SilkSpawners] [INFO]: Loading Cross-Version support
[16:40:37] [Server thread/INFO]: [SilkSpawners] [INFO]: Loaded support for version 1.21.11
[16:40:37] [Server thread/INFO]: [SilkSpawners] [INFO]: Loading locale file
[16:40:37] [Server thread/INFO]: [SilkSpawners] [INFO]: Starting bStats integration
[16:40:37] [Server thread/INFO]: [SilkSpawners] [INFO]: Registering listeners
[16:40:37] [Server thread/INFO]: [SilkSpawners] [INFO]: Registering commands
[16:40:37] [Server thread/INFO]: [SilkSpawners] [INFO]: Started SilkSpawners v2.3.2
[16:40:37] [Server thread/INFO]: [Lumberjacked] Enabling Lumberjacked v1.0-SNAPSHOT
[16:40:37] [Server thread/INFO]: [Essentials] Enabling Essentials v2.21.2
[16:40:37] [Thread-12/INFO]: [SilkSpawners] [WARN]: Update available! Download at https://www.spigotmc.org/resources/silkspawners.60063/ 
Installed version: v2.3.2
Latest version: v2.3.3
[16:40:38] [Server thread/ERROR]: [Essentials] Se executa o versiune de server neacceptata!
[16:40:38] [Server thread/INFO]: [Essentials] Attempting to convert old kits in config.yml to new kits.yml
[16:40:38] [Server thread/INFO]: [Essentials] No kits found to migrate.
[16:40:38] [Server thread/INFO]: [Essentials] Selected Legacy Biome Name Provider as the provider for BiomeNameProvider
[16:40:38] [Server thread/INFO]: [Essentials] Selected Reflection Online Mode Provider as the provider for OnlineModeProvider
[16:40:38] [Server thread/INFO]: [Essentials] Selected 1.21+ InventoryView Interface ABI Provider as the provider for InventoryViewProvider
[16:40:38] [Server thread/INFO]: [Essentials] Selected 1.12+ Spawner Block Provider as the provider for SpawnerBlockProvider
[16:40:38] [Server thread/INFO]: [Essentials] Selected 1.8.3+ Spawner Item Provider as the provider for SpawnerItemProvider
[16:40:38] [Server thread/INFO]: [Essentials] Selected 1.20.4+ Damage Event Provider as the provider for DamageEventProvider
[16:40:38] [Server thread/INFO]: [Essentials] Selected 1.21.4+ Sync Commands Provider as the provider for SyncCommandsProvider
[16:40:38] [Server thread/INFO]: [Essentials] Selected 1.13+ Spawn Egg Provider as the provider for SpawnEggProvider
[16:40:38] [Server thread/INFO]: [Essentials] Selected 1.20.5+ Banner Data Provider as the provider for BannerDataProvider
[16:40:38] [Server thread/INFO]: [Essentials] Selected Paper Tick Count Provider as the provider for TickCountProvider
[16:40:38] [Server thread/INFO]: [Essentials] Selected Paper Container Provider as the provider for ContainerProvider
[16:40:38] [Server thread/INFO]: [Essentials] Selected 1.17.1+ World Info Provider as the provider for WorldInfoProvider
[16:40:38] [Server thread/INFO]: [Essentials] Selected Paper Biome Key Provider as the provider for BiomeKeyProvider
[16:40:38] [Server thread/INFO]: [Essentials] Selected 1.11+ Item Unbreakable Provider as the provider for ItemUnbreakableProvider
[16:40:38] [Server thread/INFO]: [Essentials] Selected Paper Material Tag Provider as the provider for MaterialTagProvider
[16:40:38] [Server thread/INFO]: [Essentials] Selected Paper Serialization Provider as the provider for SerializationProvider
[16:40:38] [Server thread/INFO]: [Essentials] Selected Paper Server State Provider as the provider for ServerStateProvider
[16:40:38] [Server thread/INFO]: [Essentials] Selected 1.12.2+ Player Locale Provider as the provider for PlayerLocaleProvider
[16:40:38] [Server thread/INFO]: [Essentials] Selected 1.14+ Sign Data Provider as the provider for SignDataProvider
[16:40:38] [Server thread/INFO]: [Essentials] Selected 1.20.6+ Potion Meta Provider as the provider for PotionMetaProvider
[16:40:38] [Server thread/INFO]: [Essentials] Selected Reflection Formatted Command Alias Provider as the provider for FormattedCommandAliasProvider
[16:40:38] [Server thread/INFO]: [Essentials] Selected 1.14.4+ Persistent Data Container Provider as the provider for PersistentDataProvider
[16:40:38] [Server thread/INFO]: [Essentials] Selected Paper Known Commands Provider as the provider for KnownCommandsProvider
[16:40:38] [Server thread/INFO]: [Essentials] Loaded 43880 items from items.json.
[16:40:38] [Server thread/INFO]: [Essentials] Using locale ro_RO
[16:40:38] [Server thread/INFO]: [Essentials] ServerListPingEvent: Spigot iterator API
[16:40:38] [Server thread/INFO]: [Essentials] Starting Metrics. Opt-out using the global bStats config.
[16:40:38] [Server thread/INFO]: [Vault] [Economy] Essentials Economy hooked.
[16:40:38] [Server thread/INFO]: [Essentials] Using Vault based permissions (LuckPerms)
[16:40:38] [Server thread/INFO]: [ClearLagTimer] Enabling ClearLagTimer v2025.12
[16:40:38] [Server thread/INFO]: [ClearLagTimer] Requires ClearLagg in order to function. Shutting down!
[16:40:38] [Server thread/INFO]: [ClearLagTimer] Disabling ClearLagTimer v2025.12
[16:40:38] [Server thread/INFO]: [spark] Starting background profiler...
[16:40:38] [Server thread/INFO]: [spark] The async-profiler engine is not supported for your os/arch (windows10/amd64), so the built-in Java engine will be used instead.
[16:40:38] [Server thread/INFO]: Running delayed init tasks
[16:40:38] [Server thread/INFO]: [Essentials] Essentials found a compatible payment resolution method: Vault Compatibility Layer (v1.7.3-b131)!
[16:40:38] [Craft Scheduler Thread - 2 - Essentials/INFO]: [Essentials] Fetching version information...
[16:40:38] [Craft Scheduler Thread - 3 - ViaVersion/INFO]: [ViaVersion] Finished mapping loading, shutting down loader executor.
[16:40:38] [Server thread/INFO]: Done (18.013s)! For help, type "help"
[16:40:38] [Craft Scheduler Thread - 3 - Vault/INFO]: [Vault] Checking for Updates ... 
[16:40:39] [Craft Scheduler Thread - 3 - Vault/INFO]: [Vault] No new version available
[16:40:39] [Server thread/INFO]: [ViaVersion] You are running a development version of the plugin, please report any bugs to GitHub.
[16:40:53] [User Authenticator #0/INFO]: UUID of player TheLord0fNight is af23c328-4fa1-31fe-96cd-8feceb488af3
[16:40:53] [Server thread/INFO]: [HorriblePlayerLoginEventHack] You have plugins listening to the PlayerLoginEvent, this will cause re-configuration APIs to be unavailable: [LuckPerms, Essentials, WorldGuard]
[16:40:54] [Server thread/INFO]: TheLord0fNight joined the game
[16:40:54] [Server thread/INFO]: TheLord0fNight[/192.168.0.99:62639] logged in with entity id 1 at ([world]-1263.89228300597, 137.0, -1313.4925256063798)
[16:40:57] [Server thread/INFO]: TheLord0fNight issued server command: /ms
[16:40:58] [Server thread/INFO]: TheLord0fNight issued server command: /gms
[16:40:59] [Server thread/INFO]: TheLord0fNight issued server command: /gmc
[16:41:01] [Server thread/INFO]: TheLord0fNight issued server command: /fly
[16:41:02] [Server thread/INFO]: TheLord0fNight issued server command: /fly
[16:41:04] [Server thread/INFO]: TheLord0fNight issued server command: /homes
[16:42:21] [Server thread/INFO]: TheLord0fNight issued server command: /give TheLord0fNight blazespawner 1
[16:42:23] [Server thread/INFO]: TheLord0fNight issued server command: /gms
[16:42:29] [Server thread/INFO]: TheLord0fNight issued server command: /gmc
[16:43:48] [Server thread/INFO]: TheLord0fNight issued server command: /nv
[16:44:15] [Server thread/INFO]: TheLord0fNight issued server command: /give TheLord0fNight blazespawn
[16:44:22] [Server thread/INFO]: TheLord0fNight issued server command: /give TheLord0fNight blazespawner
[16:44:26] [Server thread/INFO]: TheLord0fNight issued server command: /give TheLord0fNight blazespawner
[16:44:34] [Server thread/INFO]: TheLord0fNight issued server command: /gms
[16:44:46] [Server thread/INFO]: TheLord0fNight issued server command: /fly'
[16:44:46] [Server thread/INFO]: TheLord0fNight was doomed to fall
[16:44:49] [Server thread/INFO]: TheLord0fNight issued server command: /back
[16:44:54] [Server thread/INFO]: TheLord0fNight issued server command: /home
[16:44:55] [Server thread/INFO]: TheLord0fNight issued server command: /gmmc
[16:44:57] [Server thread/INFO]: TheLord0fNight issued server command: /gmc
[16:45:03] [Server thread/INFO]: TheLord0fNight issued server command: /gamerule keep_inventory true
[16:45:03] [Server thread/INFO]: [TheLord0fNight: Gamerule keep_inventory is now set to: true]
[16:45:16] [Server thread/INFO]: TheLord0fNight issued server command: /gmsp
[16:45:25] [Server thread/INFO]: TheLord0fNight issued server command: /gmc
[16:46:14] [Server thread/INFO]: TheLord0fNight issued server command: /gamerule keep_inventory true
[16:46:14] [Server thread/INFO]: [TheLord0fNight: Gamerule keep_inventory is now set to: true]
[16:49:11] [Server thread/INFO]: TheLord0fNight issued server command: /home bed
[16:49:15] [Server thread/INFO]: TheLord0fNight issued server command: /hub
[16:49:17] [Server thread/INFO]: TheLord0fNight issued server command: /spawn
[16:49:58] [Server thread/INFO]: TheLord0fNight issued server command: /kill TheLord0fNight
[16:49:58] [Server thread/INFO]: TheLord0fNight died
[16:50:37] [Server thread/INFO]: Scanning for legacy world dragon fight...
[16:50:37] [Server thread/INFO]: Found that the dragon has not yet been killed in this world.
[16:50:47] [Server thread/INFO]: TheLord0fNight issued server command: /gamerule keep_inventory true
[16:50:47] [Server thread/INFO]: [TheLord0fNight: Gamerule keep_inventory is now set to: true]
[16:50:57] [Server thread/INFO]: TheLord0fNight issued server command: /kill TheLord0fNight
[16:50:57] [Server thread/INFO]: TheLord0fNight died
[16:51:12] [Server thread/INFO]: TheLord0fNight issued server command: /gms
[16:51:14] [Server thread/INFO]: TheLord0fNight issued server command: /fly
[16:52:00] [Server thread/INFO]: TheLord0fNight issued server command: /heal
[16:52:01] [Server thread/INFO]: TheLord0fNight issued server command: /day
[16:53:03] [Server thread/INFO]: TheLord0fNight issued server command: /repair all
[16:53:25] [Server thread/INFO]: TheLord0fNight lost connection: Disconnected
[16:53:25] [Server thread/INFO]: TheLord0fNight left the game
[17:00:31] [User Authenticator #1/INFO]: UUID of player TheLord0fNight is af23c328-4fa1-31fe-96cd-8feceb488af3
[17:00:32] [Server thread/INFO]: TheLord0fNight joined the game
[17:00:32] [Server thread/INFO]: TheLord0fNight[/192.168.0.99:59019] logged in with entity id 4683 at ([world]-54.872788558328516, 68.0, 297.9191693979782)
[17:00:41] [Server thread/INFO]: TheLord0fNight lost connection: Disconnected
[17:00:41] [Server thread/INFO]: TheLord0fNight left the game
[17:01:21] [User Authenticator #1/INFO]: UUID of player TheLord0fNight is af23c328-4fa1-31fe-96cd-8feceb488af3
[17:01:22] [Server thread/INFO]: TheLord0fNight joined the game
[17:01:22] [Server thread/INFO]: TheLord0fNight[/192.168.0.99:59209] logged in with entity id 5011 at ([world]-54.872788558328516, 68.0, 297.9191693979782)
[17:01:49] [Server thread/INFO]: TheLord0fNight issued server command: /v
[17:01:51] [Server thread/INFO]: TheLord0fNight issued server command: /godmode
[17:26:07] [Server thread/INFO]: /176.65.134.24:64981 lost connection: Internal Exception: io.netty.handler.codec.DecoderException: java.io.IOException: Packet login/serverbound/minecraft:hello (ServerboundHelloPacket) was larger than I expected, found 1 bytes extra whilst reading packet serverbound/minecraft:hello
[17:28:58] [Server thread/INFO]: /176.65.134.27:65452 lost connection: Internal Exception: io.netty.handler.codec.DecoderException: java.io.IOException: Packet login/serverbound/minecraft:hello (ServerboundHelloPacket) was larger than I expected, found 1 bytes extra whilst reading packet serverbound/minecraft:hello
[17:43:29] [Server thread/INFO]: TheLord0fNight lost connection: Disconnected
[17:43:29] [Server thread/INFO]: TheLord0fNight left the game
[17:55:37] [User Authenticator #2/INFO]: UUID of player TheLord0fNight is af23c328-4fa1-31fe-96cd-8feceb488af3
[17:55:38] [Server thread/INFO]: TheLord0fNight joined the game
[17:55:38] [Server thread/INFO]: TheLord0fNight[/192.168.0.99:61620] logged in with entity id 8993 at ([world]-87.78802582389432, 68.0, 302.1467917148704)
[17:55:40] [Server thread/INFO]: TheLord0fNight lost connection: Disconnected
[17:55:40] [Server thread/INFO]: TheLord0fNight left the game
[17:59:18] [User Authenticator #3/INFO]: UUID of player TheLord0fNight is af23c328-4fa1-31fe-96cd-8feceb488af3
[17:59:19] [Server thread/INFO]: TheLord0fNight joined the game
[17:59:19] [Server thread/INFO]: TheLord0fNight[/192.168.0.99:61795] logged in with entity id 9132 at ([world]-83.92718791411707, 68.0, 301.92076011603297)
[17:59:53] [Server thread/INFO]: TheLord0fNight issued server command: /fly
[18:01:21] [Server thread/INFO]: TheLord0fNight lost connection: Disconnected
[18:01:21] [Server thread/INFO]: TheLord0fNight left the game
[18:01:32] [User Authenticator #4/INFO]: UUID of player TheLord0fNight is af23c328-4fa1-31fe-96cd-8feceb488af3
[18:01:32] [Server thread/INFO]: TheLord0fNight joined the game
[18:01:32] [Server thread/INFO]: TheLord0fNight[/192.168.0.99:61849] logged in with entity id 9572 at ([world]-74.34514689999364, 66.0, 316.32233181813336)
[18:19:23] [Server thread/INFO]: Stopping the server
[18:19:23] [Server thread/INFO]: Stopping server
[18:19:23] [Server thread/INFO]: [Essentials] Disabling Essentials v2.21.2
[18:19:23] [Server thread/INFO]: [Vault] [Economy] Essentials Economy unhooked.
[18:19:23] [Server thread/INFO]: [Lumberjacked] Disabling Lumberjacked v1.0-SNAPSHOT
[18:19:23] [Server thread/INFO]: [SilkSpawners_v2] Disabling SilkSpawners_v2 v2.3.2
[18:19:23] [Server thread/INFO]: [SilkSpawners] [INFO]: Stopping version checker
[18:19:23] [Server thread/INFO]: [ViaBackwards] Disabling ViaBackwards v5.7.2
[18:19:23] [Server thread/INFO]: [WorldGuard] Disabling WorldGuard v7.0.16-beta-01+ce4622f
[18:19:23] [Server thread/INFO]: [WorldGuard] Shutting down executor and cancelling any pending tasks...
[18:19:23] [Server thread/INFO]: [WorldEdit] Disabling WorldEdit v7.4.1+76eaf25bd
[18:19:23] [Server thread/INFO]: Unregistering com.sk89q.worldedit.bukkit.BukkitServerInterface from WorldEdit
[18:19:23] [Server thread/INFO]: [Vault] Disabling Vault v1.7.3-b131
[18:19:23] [Server thread/INFO]: [LuckPerms] Disabling LuckPerms v5.5.0
[18:19:23] [Server thread/INFO]: [LuckPerms] Starting shutdown process...
[18:19:23] [Server thread/INFO]: [LuckPerms] Closing storage...
[18:19:23] [Server thread/INFO]: [LuckPerms] Goodbye!
[18:19:23] [Server thread/INFO]: [ViaVersion] Disabling ViaVersion v5.7.3-SNAPSHOT
[18:19:23] [Server thread/INFO]: [ViaVersion] ViaVersion has been disabled; uninjected the platform and shut down the scheduler.
[18:19:23] [Server thread/INFO]: Saving players
[18:19:23] [Server thread/INFO]: TheLord0fNight lost connection: Server closed
[18:19:23] [Server thread/INFO]: TheLord0fNight left the game
[18:19:24] [Server thread/INFO]: Saving worlds
[18:19:24] [Server thread/INFO]: Saving chunks for level 'ServerLevel[world]'/minecraft:overworld
[18:19:24] [Server thread/INFO]: [ChunkHolderManager] Waiting 60s for chunk system to halt for world 'world'
[18:19:24] [Server thread/INFO]: [ChunkHolderManager] Halted chunk system for world 'world'
[18:19:24] [Server thread/INFO]: [ChunkHolderManager] Saving all chunkholders for world 'world'
[18:19:24] [Server thread/INFO]: [ChunkHolderManager] Saved 535 block chunks, 177 entity chunks, 0 poi chunks in world 'world' in 0,17s
[18:19:24] [Server thread/INFO]: [ChunkHolderManager] Waiting 60s for chunk I/O to halt for world 'world'
[18:19:24] [Server thread/INFO]: [ChunkHolderManager] Halted I/O scheduler for world 'world'
[18:19:24] [Server thread/INFO]: Saving chunks for level 'ServerLevel[world_nether]'/minecraft:the_nether
[18:19:24] [Server thread/INFO]: [ChunkHolderManager] Waiting 60s for chunk system to halt for world 'world_nether'
[18:19:24] [Server thread/INFO]: [ChunkHolderManager] Halted chunk system for world 'world_nether'
[18:19:24] [Server thread/INFO]: [ChunkHolderManager] Saving all chunkholders for world 'world_nether'
[18:19:24] [Server thread/INFO]: [ChunkHolderManager] Saved 0 block chunks, 0 entity chunks, 0 poi chunks in world 'world_nether' in 0,00s
[18:19:24] [Server thread/INFO]: [ChunkHolderManager] Waiting 60s for chunk I/O to halt for world 'world_nether'
[18:19:24] [Server thread/INFO]: [ChunkHolderManager] Halted I/O scheduler for world 'world_nether'
[18:19:24] [Server thread/INFO]: Saving chunks for level 'ServerLevel[world_the_end]'/minecraft:the_end
[18:19:24] [Server thread/INFO]: [ChunkHolderManager] Waiting 60s for chunk system to halt for world 'world_the_end'
[18:19:24] [Server thread/INFO]: [ChunkHolderManager] Halted chunk system for world 'world_the_end'
[18:19:24] [Server thread/INFO]: [ChunkHolderManager] Saving all chunkholders for world 'world_the_end'
[18:19:24] [Server thread/INFO]: [ChunkHolderManager] Saved 0 block chunks, 0 entity chunks, 0 poi chunks in world 'world_the_end' in 0,00s
[18:19:24] [Server thread/INFO]: [ChunkHolderManager] Waiting 60s for chunk I/O to halt for world 'world_the_end'
[18:19:24] [Server thread/INFO]: [ChunkHolderManager] Halted I/O scheduler for world 'world_the_end'
[18:19:24] [Server thread/INFO]: ThreadedAnvilChunkStorage (world): All chunks are saved
[18:19:24] [Server thread/INFO]: ThreadedAnvilChunkStorage (DIM-1): All chunks are saved
[18:19:24] [Server thread/INFO]: ThreadedAnvilChunkStorage (DIM1): All chunks are saved
[18:19:24] [Server thread/INFO]: ThreadedAnvilChunkStorage: All dimensions are saved
[18:19:24] [Server thread/INFO]: Waiting for all RegionFile I/O tasks to complete...
[18:19:24] [Server thread/INFO]: All RegionFile I/O tasks to complete
[18:19:24] [Server thread/INFO]: [MoonriseCommon] Awaiting termination of worker pool for up to 60s...
[18:19:24] [Server thread/INFO]: [MoonriseCommon] Awaiting termination of I/O pool for up to 60s...
